<?xml version="1.0" encoding="UTF-8"?>
<!-- Generated by org.testng.reporters.JUnitReportReporter -->
<testsuite skipped="0" hostname="LAS20181085" name="getRequest.GetData" tests="2" failures="0" timestamp="2019-09-13T13:29:03 CDT" time="2.672" errors="0">
  <testcase name="testResponseCode" time="2.000" classname="getRequest.GetData"/>
  <testcase name="testResponseData" time="0.672" classname="getRequest.GetData"/>
</testsuite> <!-- getRequest.GetData -->
