<?xml version="1.0" encoding="UTF-8"?>
<!-- Generated by org.testng.reporters.JUnitReportReporter -->
<testsuite skipped="0" hostname="LAS20181085" name="getRequest.GetData" tests="2" failures="0" timestamp="2019-09-15T13:25:18 CDT" time="2.767" errors="0">
  <testcase name="testResponseCode" time="2.066" classname="getRequest.GetData"/>
  <testcase name="testResponseData" time="0.701" classname="getRequest.GetData"/>
</testsuite> <!-- getRequest.GetData -->
